/*C4*/SET SCHEMA PUBLIC
DISCONNECT
/*C5*/SET SCHEMA PUBLIC
DISCONNECT
/*C6*/SET SCHEMA PUBLIC
create table logfileevents (id bigint not null, alert boolean not null, duration bigint not null, event_id varchar(255) not null, host varchar(255), type varchar(255), primary key (id))
create sequence hibernate_sequence start with 1 increment by 1
INSERT INTO LOGFILEEVENTS VALUES(1,FALSE,0,'scsmbstgra','1235','APPLICATION_LOG')
ALTER SEQUENCE PUBLIC.HIBERNATE_SEQUENCE RESTART WITH 2
COMMIT
INSERT INTO LOGFILEEVENTS VALUES(2,FALSE,0,'scsmbstgrb',NULL,NULL)
ALTER SEQUENCE PUBLIC.HIBERNATE_SEQUENCE RESTART WITH 3
COMMIT
INSERT INTO LOGFILEEVENTS VALUES(3,FALSE,0,'scsmbstgrc',NULL,NULL)
ALTER SEQUENCE PUBLIC.HIBERNATE_SEQUENCE RESTART WITH 4
COMMIT
DISCONNECT
/*C7*/SET SCHEMA PUBLIC
DISCONNECT
/*C8*/SET SCHEMA PUBLIC
DISCONNECT
/*C9*/SET SCHEMA PUBLIC
DISCONNECT
/*C10*/SET SCHEMA PUBLIC
DISCONNECT
/*C11*/SET SCHEMA PUBLIC
DISCONNECT
/*C12*/SET SCHEMA PUBLIC
DISCONNECT
/*C13*/SET SCHEMA PUBLIC
DISCONNECT
/*C14*/SET SCHEMA PUBLIC
DISCONNECT
/*C15*/SET SCHEMA PUBLIC
DISCONNECT
/*C18*/SET SCHEMA PUBLIC
SET SCHEMA PUBLIC
/*C19*/SET SCHEMA PUBLIC
INSERT INTO LOGFILEEVENTS VALUES(4,FALSE,2,'scsmbstgra','1235','APPLICATION_LOG')
ALTER SEQUENCE PUBLIC.HIBERNATE_SEQUENCE RESTART WITH 5
COMMIT
INSERT INTO LOGFILEEVENTS VALUES(5,TRUE,7,'scsmbstgrb',NULL,NULL)
ALTER SEQUENCE PUBLIC.HIBERNATE_SEQUENCE RESTART WITH 6
COMMIT
INSERT INTO LOGFILEEVENTS VALUES(6,TRUE,12,'scsmbstgrc',NULL,NULL)
ALTER SEQUENCE PUBLIC.HIBERNATE_SEQUENCE RESTART WITH 7
COMMIT
DISCONNECT
/*C20*/SET SCHEMA PUBLIC
DISCONNECT
/*C21*/SET SCHEMA PUBLIC
DISCONNECT
/*C22*/SET SCHEMA PUBLIC
DISCONNECT
/*C23*/SET SCHEMA PUBLIC
DISCONNECT
/*C24*/SET SCHEMA PUBLIC
DISCONNECT
/*C25*/SET SCHEMA PUBLIC
DISCONNECT
/*C26*/SET SCHEMA PUBLIC
DISCONNECT
/*C27*/SET SCHEMA PUBLIC
DISCONNECT
/*C28*/SET SCHEMA PUBLIC
DISCONNECT
/*C29*/SET SCHEMA PUBLIC
INSERT INTO LOGFILEEVENTS VALUES(7,FALSE,2,'scsmbstgra','1235','APPLICATION_LOG')
ALTER SEQUENCE PUBLIC.HIBERNATE_SEQUENCE RESTART WITH 8
COMMIT
INSERT INTO LOGFILEEVENTS VALUES(8,TRUE,7,'scsmbstgrb',NULL,NULL)
ALTER SEQUENCE PUBLIC.HIBERNATE_SEQUENCE RESTART WITH 9
COMMIT
INSERT INTO LOGFILEEVENTS VALUES(9,TRUE,12,'scsmbstgrc',NULL,NULL)
ALTER SEQUENCE PUBLIC.HIBERNATE_SEQUENCE RESTART WITH 10
COMMIT
DISCONNECT
/*C30*/SET SCHEMA PUBLIC
DISCONNECT
/*C31*/SET SCHEMA PUBLIC
DISCONNECT
/*C32*/SET SCHEMA PUBLIC
DISCONNECT
/*C33*/SET SCHEMA PUBLIC
DISCONNECT
/*C34*/SET SCHEMA PUBLIC
DISCONNECT
/*C35*/SET SCHEMA PUBLIC
DISCONNECT
/*C36*/SET SCHEMA PUBLIC
DISCONNECT
/*C37*/SET SCHEMA PUBLIC
DISCONNECT
/*C38*/SET SCHEMA PUBLIC
DISCONNECT
/*C39*/SET SCHEMA PUBLIC
INSERT INTO LOGFILEEVENTS VALUES(10,FALSE,2,'scsmbstgra','1235','APPLICATION_LOG')
ALTER SEQUENCE PUBLIC.HIBERNATE_SEQUENCE RESTART WITH 11
COMMIT
INSERT INTO LOGFILEEVENTS VALUES(11,TRUE,7,'scsmbstgrb',NULL,NULL)
ALTER SEQUENCE PUBLIC.HIBERNATE_SEQUENCE RESTART WITH 12
COMMIT
INSERT INTO LOGFILEEVENTS VALUES(12,TRUE,12,'scsmbstgrc',NULL,NULL)
ALTER SEQUENCE PUBLIC.HIBERNATE_SEQUENCE RESTART WITH 13
COMMIT
DISCONNECT
/*C40*/SET SCHEMA PUBLIC
DISCONNECT
/*C41*/SET SCHEMA PUBLIC
DISCONNECT
/*C42*/SET SCHEMA PUBLIC
DISCONNECT
/*C43*/SET SCHEMA PUBLIC
DISCONNECT
/*C44*/SET SCHEMA PUBLIC
DISCONNECT
/*C45*/SET SCHEMA PUBLIC
DISCONNECT
/*C46*/SET SCHEMA PUBLIC
DISCONNECT
/*C47*/SET SCHEMA PUBLIC
DISCONNECT
/*C48*/SET SCHEMA PUBLIC
DISCONNECT
/*C18*/DELETE FROM LOGFILEEVENTS WHERE ID=1
DELETE FROM LOGFILEEVENTS WHERE ID=2
DELETE FROM LOGFILEEVENTS WHERE ID=3
DELETE FROM LOGFILEEVENTS WHERE ID=4
DELETE FROM LOGFILEEVENTS WHERE ID=5
DELETE FROM LOGFILEEVENTS WHERE ID=6
DELETE FROM LOGFILEEVENTS WHERE ID=7
DELETE FROM LOGFILEEVENTS WHERE ID=8
DELETE FROM LOGFILEEVENTS WHERE ID=9
DELETE FROM LOGFILEEVENTS WHERE ID=10
DELETE FROM LOGFILEEVENTS WHERE ID=11
DELETE FROM LOGFILEEVENTS WHERE ID=12
COMMIT
/*C49*/SET SCHEMA PUBLIC
INSERT INTO LOGFILEEVENTS VALUES(13,FALSE,2,'scsmbstgra','1235','APPLICATION_LOG')
ALTER SEQUENCE PUBLIC.HIBERNATE_SEQUENCE RESTART WITH 14
COMMIT
INSERT INTO LOGFILEEVENTS VALUES(14,TRUE,7,'scsmbstgrb',NULL,NULL)
ALTER SEQUENCE PUBLIC.HIBERNATE_SEQUENCE RESTART WITH 15
COMMIT
INSERT INTO LOGFILEEVENTS VALUES(15,TRUE,12,'scsmbstgrc',NULL,NULL)
ALTER SEQUENCE PUBLIC.HIBERNATE_SEQUENCE RESTART WITH 16
COMMIT
DISCONNECT
/*C50*/SET SCHEMA PUBLIC
DISCONNECT
/*C51*/SET SCHEMA PUBLIC
DISCONNECT
/*C52*/SET SCHEMA PUBLIC
DISCONNECT
/*C53*/SET SCHEMA PUBLIC
DISCONNECT
/*C54*/SET SCHEMA PUBLIC
DISCONNECT
/*C55*/SET SCHEMA PUBLIC
DISCONNECT
/*C56*/SET SCHEMA PUBLIC
DISCONNECT
/*C57*/SET SCHEMA PUBLIC
DISCONNECT
/*C58*/SET SCHEMA PUBLIC
DISCONNECT
/*C59*/SET SCHEMA PUBLIC
INSERT INTO LOGFILEEVENTS VALUES(16,FALSE,2,'scsmbstgra','1235','APPLICATION_LOG')
ALTER SEQUENCE PUBLIC.HIBERNATE_SEQUENCE RESTART WITH 17
COMMIT
INSERT INTO LOGFILEEVENTS VALUES(17,TRUE,7,'scsmbstgrb',NULL,NULL)
ALTER SEQUENCE PUBLIC.HIBERNATE_SEQUENCE RESTART WITH 18
COMMIT
INSERT INTO LOGFILEEVENTS VALUES(18,TRUE,12,'scsmbstgrc',NULL,NULL)
ALTER SEQUENCE PUBLIC.HIBERNATE_SEQUENCE RESTART WITH 19
COMMIT
DISCONNECT
/*C60*/SET SCHEMA PUBLIC
DISCONNECT
/*C61*/SET SCHEMA PUBLIC
DISCONNECT
/*C62*/SET SCHEMA PUBLIC
DISCONNECT
/*C63*/SET SCHEMA PUBLIC
DISCONNECT
/*C64*/SET SCHEMA PUBLIC
DISCONNECT
/*C65*/SET SCHEMA PUBLIC
DISCONNECT
/*C66*/SET SCHEMA PUBLIC
DISCONNECT
/*C67*/SET SCHEMA PUBLIC
DISCONNECT
/*C68*/SET SCHEMA PUBLIC
DISCONNECT
